Determining if the Q_WS_WIN exist failed with the following output:
Change Dir: /home/earth/iotpos/iotpos-build/CMakeFiles/CMakeTmp

Run Build Command:/usr/bin/make "cmTryCompileExec3897024786/fast"
/usr/bin/make -f CMakeFiles/cmTryCompileExec3897024786.dir/build.make CMakeFiles/cmTryCompileExec3897024786.dir/build
make[1]: Entering directory `/home/earth/iotpos/iotpos-build/CMakeFiles/CMakeTmp'
/usr/bin/cmake -E cmake_progress_report /home/earth/iotpos/iotpos-build/CMakeFiles/CMakeTmp/CMakeFiles 1
Building C object CMakeFiles/cmTryCompileExec3897024786.dir/CheckSymbolExists.c.o
/usr/bin/cc   -I/usr/include/qt4    -o CMakeFiles/cmTryCompileExec3897024786.dir/CheckSymbolExists.c.o   -c /home/earth/iotpos/iotpos-build/CMakeFiles/CMakeTmp/CheckSymbolExists.c
/home/earth/iotpos/iotpos-build/CMakeFiles/CMakeTmp/CheckSymbolExists.c: In function ‘main’:
/home/earth/iotpos/iotpos-build/CMakeFiles/CMakeTmp/CheckSymbolExists.c:8:19: error: ‘Q_WS_WIN’ undeclared (first use in this function)
   return ((int*)(&Q_WS_WIN))[argc];
                   ^
/home/earth/iotpos/iotpos-build/CMakeFiles/CMakeTmp/CheckSymbolExists.c:8:19: note: each undeclared identifier is reported only once for each function it appears in
make[1]: *** [CMakeFiles/cmTryCompileExec3897024786.dir/CheckSymbolExists.c.o] Error 1
make[1]: Leaving directory `/home/earth/iotpos/iotpos-build/CMakeFiles/CMakeTmp'
make: *** [cmTryCompileExec3897024786/fast] Error 2

File /home/earth/iotpos/iotpos-build/CMakeFiles/CMakeTmp/CheckSymbolExists.c:
/* */
#include <QtCore/qglobal.h>

int main(int argc, char** argv)
{
  (void)argv;
#ifndef Q_WS_WIN
  return ((int*)(&Q_WS_WIN))[argc];
#else
  (void)argc;
  return 0;
#endif
}

Determining if the Q_WS_QWS exist failed with the following output:
Change Dir: /home/earth/iotpos/iotpos-build/CMakeFiles/CMakeTmp

Run Build Command:/usr/bin/make "cmTryCompileExec3109658198/fast"
/usr/bin/make -f CMakeFiles/cmTryCompileExec3109658198.dir/build.make CMakeFiles/cmTryCompileExec3109658198.dir/build
make[1]: Entering directory `/home/earth/iotpos/iotpos-build/CMakeFiles/CMakeTmp'
/usr/bin/cmake -E cmake_progress_report /home/earth/iotpos/iotpos-build/CMakeFiles/CMakeTmp/CMakeFiles 1
Building C object CMakeFiles/cmTryCompileExec3109658198.dir/CheckSymbolExists.c.o
/usr/bin/cc   -I/usr/include/qt4    -o CMakeFiles/cmTryCompileExec3109658198.dir/CheckSymbolExists.c.o   -c /home/earth/iotpos/iotpos-build/CMakeFiles/CMakeTmp/CheckSymbolExists.c
/home/earth/iotpos/iotpos-build/CMakeFiles/CMakeTmp/CheckSymbolExists.c: In function ‘main’:
/home/earth/iotpos/iotpos-build/CMakeFiles/CMakeTmp/CheckSymbolExists.c:8:19: error: ‘Q_WS_QWS’ undeclared (first use in this function)
   return ((int*)(&Q_WS_QWS))[argc];
                   ^
/home/earth/iotpos/iotpos-build/CMakeFiles/CMakeTmp/CheckSymbolExists.c:8:19: note: each undeclared identifier is reported only once for each function it appears in
make[1]: *** [CMakeFiles/cmTryCompileExec3109658198.dir/CheckSymbolExists.c.o] Error 1
make[1]: Leaving directory `/home/earth/iotpos/iotpos-build/CMakeFiles/CMakeTmp'
make: *** [cmTryCompileExec3109658198/fast] Error 2

File /home/earth/iotpos/iotpos-build/CMakeFiles/CMakeTmp/CheckSymbolExists.c:
/* */
#include <QtCore/qglobal.h>

int main(int argc, char** argv)
{
  (void)argv;
#ifndef Q_WS_QWS
  return ((int*)(&Q_WS_QWS))[argc];
#else
  (void)argc;
  return 0;
#endif
}

Determining if the Q_WS_MAC exist failed with the following output:
Change Dir: /home/earth/iotpos/iotpos-build/CMakeFiles/CMakeTmp

Run Build Command:/usr/bin/make "cmTryCompileExec1750287329/fast"
/usr/bin/make -f CMakeFiles/cmTryCompileExec1750287329.dir/build.make CMakeFiles/cmTryCompileExec1750287329.dir/build
make[1]: Entering directory `/home/earth/iotpos/iotpos-build/CMakeFiles/CMakeTmp'
/usr/bin/cmake -E cmake_progress_report /home/earth/iotpos/iotpos-build/CMakeFiles/CMakeTmp/CMakeFiles 1
Building C object CMakeFiles/cmTryCompileExec1750287329.dir/CheckSymbolExists.c.o
/usr/bin/cc   -I/usr/include/qt4    -o CMakeFiles/cmTryCompileExec1750287329.dir/CheckSymbolExists.c.o   -c /home/earth/iotpos/iotpos-build/CMakeFiles/CMakeTmp/CheckSymbolExists.c
/home/earth/iotpos/iotpos-build/CMakeFiles/CMakeTmp/CheckSymbolExists.c: In function ‘main’:
/home/earth/iotpos/iotpos-build/CMakeFiles/CMakeTmp/CheckSymbolExists.c:8:19: error: ‘Q_WS_MAC’ undeclared (first use in this function)
   return ((int*)(&Q_WS_MAC))[argc];
                   ^
/home/earth/iotpos/iotpos-build/CMakeFiles/CMakeTmp/CheckSymbolExists.c:8:19: note: each undeclared identifier is reported only once for each function it appears in
make[1]: *** [CMakeFiles/cmTryCompileExec1750287329.dir/CheckSymbolExists.c.o] Error 1
make[1]: Leaving directory `/home/earth/iotpos/iotpos-build/CMakeFiles/CMakeTmp'
make: *** [cmTryCompileExec1750287329/fast] Error 2

File /home/earth/iotpos/iotpos-build/CMakeFiles/CMakeTmp/CheckSymbolExists.c:
/* */
#include <QtCore/qglobal.h>

int main(int argc, char** argv)
{
  (void)argv;
#ifndef Q_WS_MAC
  return ((int*)(&Q_WS_MAC))[argc];
#else
  (void)argc;
  return 0;
#endif
}

Determining if the pthread_create exist failed with the following output:
Change Dir: /home/earth/iotpos/iotpos-build/CMakeFiles/CMakeTmp

Run Build Command:/usr/bin/make "cmTryCompileExec4271031782/fast"
/usr/bin/make -f CMakeFiles/cmTryCompileExec4271031782.dir/build.make CMakeFiles/cmTryCompileExec4271031782.dir/build
make[1]: Entering directory `/home/earth/iotpos/iotpos-build/CMakeFiles/CMakeTmp'
/usr/bin/cmake -E cmake_progress_report /home/earth/iotpos/iotpos-build/CMakeFiles/CMakeTmp/CMakeFiles 1
Building C object CMakeFiles/cmTryCompileExec4271031782.dir/CheckSymbolExists.c.o
/usr/bin/cc    -o CMakeFiles/cmTryCompileExec4271031782.dir/CheckSymbolExists.c.o   -c /home/earth/iotpos/iotpos-build/CMakeFiles/CMakeTmp/CheckSymbolExists.c
Linking C executable cmTryCompileExec4271031782
/usr/bin/cmake -E cmake_link_script CMakeFiles/cmTryCompileExec4271031782.dir/link.txt --verbose=1
/usr/bin/cc       CMakeFiles/cmTryCompileExec4271031782.dir/CheckSymbolExists.c.o  -o cmTryCompileExec4271031782 -rdynamic 
CMakeFiles/cmTryCompileExec4271031782.dir/CheckSymbolExists.c.o: In function `main':
CheckSymbolExists.c:(.text+0x16): undefined reference to `pthread_create'
collect2: error: ld returned 1 exit status
make[1]: *** [cmTryCompileExec4271031782] Error 1
make[1]: Leaving directory `/home/earth/iotpos/iotpos-build/CMakeFiles/CMakeTmp'
make: *** [cmTryCompileExec4271031782/fast] Error 2

File /home/earth/iotpos/iotpos-build/CMakeFiles/CMakeTmp/CheckSymbolExists.c:
/* */
#include <pthread.h>

int main(int argc, char** argv)
{
  (void)argv;
#ifndef pthread_create
  return ((int*)(&pthread_create))[argc];
#else
  (void)argc;
  return 0;
#endif
}

Determining if the function pthread_create exists in the pthreads failed with the following output:
Change Dir: /home/earth/iotpos/iotpos-build/CMakeFiles/CMakeTmp

Run Build Command:/usr/bin/make "cmTryCompileExec3639653190/fast"
/usr/bin/make -f CMakeFiles/cmTryCompileExec3639653190.dir/build.make CMakeFiles/cmTryCompileExec3639653190.dir/build
make[1]: Entering directory `/home/earth/iotpos/iotpos-build/CMakeFiles/CMakeTmp'
/usr/bin/cmake -E cmake_progress_report /home/earth/iotpos/iotpos-build/CMakeFiles/CMakeTmp/CMakeFiles 1
Building C object CMakeFiles/cmTryCompileExec3639653190.dir/CheckFunctionExists.c.o
/usr/bin/cc   -DCHECK_FUNCTION_EXISTS=pthread_create   -o CMakeFiles/cmTryCompileExec3639653190.dir/CheckFunctionExists.c.o   -c /usr/share/cmake-2.8/Modules/CheckFunctionExists.c
Linking C executable cmTryCompileExec3639653190
/usr/bin/cmake -E cmake_link_script CMakeFiles/cmTryCompileExec3639653190.dir/link.txt --verbose=1
/usr/bin/cc   -DCHECK_FUNCTION_EXISTS=pthread_create    CMakeFiles/cmTryCompileExec3639653190.dir/CheckFunctionExists.c.o  -o cmTryCompileExec3639653190 -rdynamic -lpthreads 
/usr/bin/ld: cannot find -lpthreads
collect2: error: ld returned 1 exit status
make[1]: *** [cmTryCompileExec3639653190] Error 1
make[1]: Leaving directory `/home/earth/iotpos/iotpos-build/CMakeFiles/CMakeTmp'
make: *** [cmTryCompileExec3639653190/fast] Error 2


