Determining if the Q_WS_WIN exist failed with the following output:
Change Dir: /home/earth/iotpos/build/CMakeFiles/CMakeTmp

Run Build Command:"/usr/bin/make" "cmTC_cce9f/fast"
/usr/bin/make -f CMakeFiles/cmTC_cce9f.dir/build.make CMakeFiles/cmTC_cce9f.dir/build
make[1]: Entering directory '/home/earth/iotpos/build/CMakeFiles/CMakeTmp'
Building C object CMakeFiles/cmTC_cce9f.dir/CheckSymbolExists.c.o
/usr/bin/cc   -I/usr/include/qt4   -o CMakeFiles/cmTC_cce9f.dir/CheckSymbolExists.c.o   -c /home/earth/iotpos/build/CMakeFiles/CMakeTmp/CheckSymbolExists.c
/home/earth/iotpos/build/CMakeFiles/CMakeTmp/CheckSymbolExists.c: In function ‘main’:
/home/earth/iotpos/build/CMakeFiles/CMakeTmp/CheckSymbolExists.c:8:19: error: ‘Q_WS_WIN’ undeclared (first use in this function)
   return ((int*)(&Q_WS_WIN))[argc];
                   ^
/home/earth/iotpos/build/CMakeFiles/CMakeTmp/CheckSymbolExists.c:8:19: note: each undeclared identifier is reported only once for each function it appears in
CMakeFiles/cmTC_cce9f.dir/build.make:65: recipe for target 'CMakeFiles/cmTC_cce9f.dir/CheckSymbolExists.c.o' failed
make[1]: *** [CMakeFiles/cmTC_cce9f.dir/CheckSymbolExists.c.o] Error 1
make[1]: Leaving directory '/home/earth/iotpos/build/CMakeFiles/CMakeTmp'
Makefile:126: recipe for target 'cmTC_cce9f/fast' failed
make: *** [cmTC_cce9f/fast] Error 2

File /home/earth/iotpos/build/CMakeFiles/CMakeTmp/CheckSymbolExists.c:
/* */
#include <QtCore/qglobal.h>

int main(int argc, char** argv)
{
  (void)argv;
#ifndef Q_WS_WIN
  return ((int*)(&Q_WS_WIN))[argc];
#else
  (void)argc;
  return 0;
#endif
}

Determining if the Q_WS_QWS exist failed with the following output:
Change Dir: /home/earth/iotpos/build/CMakeFiles/CMakeTmp

Run Build Command:"/usr/bin/make" "cmTC_e1a9d/fast"
/usr/bin/make -f CMakeFiles/cmTC_e1a9d.dir/build.make CMakeFiles/cmTC_e1a9d.dir/build
make[1]: Entering directory '/home/earth/iotpos/build/CMakeFiles/CMakeTmp'
Building C object CMakeFiles/cmTC_e1a9d.dir/CheckSymbolExists.c.o
/usr/bin/cc   -I/usr/include/qt4   -o CMakeFiles/cmTC_e1a9d.dir/CheckSymbolExists.c.o   -c /home/earth/iotpos/build/CMakeFiles/CMakeTmp/CheckSymbolExists.c
/home/earth/iotpos/build/CMakeFiles/CMakeTmp/CheckSymbolExists.c: In function ‘main’:
/home/earth/iotpos/build/CMakeFiles/CMakeTmp/CheckSymbolExists.c:8:19: error: ‘Q_WS_QWS’ undeclared (first use in this function)
   return ((int*)(&Q_WS_QWS))[argc];
                   ^
/home/earth/iotpos/build/CMakeFiles/CMakeTmp/CheckSymbolExists.c:8:19: note: each undeclared identifier is reported only once for each function it appears in
CMakeFiles/cmTC_e1a9d.dir/build.make:65: recipe for target 'CMakeFiles/cmTC_e1a9d.dir/CheckSymbolExists.c.o' failed
make[1]: *** [CMakeFiles/cmTC_e1a9d.dir/CheckSymbolExists.c.o] Error 1
make[1]: Leaving directory '/home/earth/iotpos/build/CMakeFiles/CMakeTmp'
Makefile:126: recipe for target 'cmTC_e1a9d/fast' failed
make: *** [cmTC_e1a9d/fast] Error 2

File /home/earth/iotpos/build/CMakeFiles/CMakeTmp/CheckSymbolExists.c:
/* */
#include <QtCore/qglobal.h>

int main(int argc, char** argv)
{
  (void)argv;
#ifndef Q_WS_QWS
  return ((int*)(&Q_WS_QWS))[argc];
#else
  (void)argc;
  return 0;
#endif
}

Determining if the Q_WS_MAC exist failed with the following output:
Change Dir: /home/earth/iotpos/build/CMakeFiles/CMakeTmp

Run Build Command:"/usr/bin/make" "cmTC_ac9f4/fast"
/usr/bin/make -f CMakeFiles/cmTC_ac9f4.dir/build.make CMakeFiles/cmTC_ac9f4.dir/build
make[1]: Entering directory '/home/earth/iotpos/build/CMakeFiles/CMakeTmp'
Building C object CMakeFiles/cmTC_ac9f4.dir/CheckSymbolExists.c.o
/usr/bin/cc   -I/usr/include/qt4   -o CMakeFiles/cmTC_ac9f4.dir/CheckSymbolExists.c.o   -c /home/earth/iotpos/build/CMakeFiles/CMakeTmp/CheckSymbolExists.c
/home/earth/iotpos/build/CMakeFiles/CMakeTmp/CheckSymbolExists.c: In function ‘main’:
/home/earth/iotpos/build/CMakeFiles/CMakeTmp/CheckSymbolExists.c:8:19: error: ‘Q_WS_MAC’ undeclared (first use in this function)
   return ((int*)(&Q_WS_MAC))[argc];
                   ^
/home/earth/iotpos/build/CMakeFiles/CMakeTmp/CheckSymbolExists.c:8:19: note: each undeclared identifier is reported only once for each function it appears in
CMakeFiles/cmTC_ac9f4.dir/build.make:65: recipe for target 'CMakeFiles/cmTC_ac9f4.dir/CheckSymbolExists.c.o' failed
make[1]: *** [CMakeFiles/cmTC_ac9f4.dir/CheckSymbolExists.c.o] Error 1
make[1]: Leaving directory '/home/earth/iotpos/build/CMakeFiles/CMakeTmp'
Makefile:126: recipe for target 'cmTC_ac9f4/fast' failed
make: *** [cmTC_ac9f4/fast] Error 2

File /home/earth/iotpos/build/CMakeFiles/CMakeTmp/CheckSymbolExists.c:
/* */
#include <QtCore/qglobal.h>

int main(int argc, char** argv)
{
  (void)argv;
#ifndef Q_WS_MAC
  return ((int*)(&Q_WS_MAC))[argc];
#else
  (void)argc;
  return 0;
#endif
}

Determining if the pthread_create exist failed with the following output:
Change Dir: /home/earth/iotpos/build/CMakeFiles/CMakeTmp

Run Build Command:"/usr/bin/make" "cmTC_9a568/fast"
/usr/bin/make -f CMakeFiles/cmTC_9a568.dir/build.make CMakeFiles/cmTC_9a568.dir/build
make[1]: Entering directory '/home/earth/iotpos/build/CMakeFiles/CMakeTmp'
Building C object CMakeFiles/cmTC_9a568.dir/CheckSymbolExists.c.o
/usr/bin/cc     -o CMakeFiles/cmTC_9a568.dir/CheckSymbolExists.c.o   -c /home/earth/iotpos/build/CMakeFiles/CMakeTmp/CheckSymbolExists.c
Linking C executable cmTC_9a568
/usr/bin/cmake -E cmake_link_script CMakeFiles/cmTC_9a568.dir/link.txt --verbose=1
/usr/bin/cc       CMakeFiles/cmTC_9a568.dir/CheckSymbolExists.c.o  -o cmTC_9a568 -rdynamic 
CMakeFiles/cmTC_9a568.dir/CheckSymbolExists.c.o: In function `main':
CheckSymbolExists.c:(.text+0x16): undefined reference to `pthread_create'
collect2: error: ld returned 1 exit status
CMakeFiles/cmTC_9a568.dir/build.make:97: recipe for target 'cmTC_9a568' failed
make[1]: *** [cmTC_9a568] Error 1
make[1]: Leaving directory '/home/earth/iotpos/build/CMakeFiles/CMakeTmp'
Makefile:126: recipe for target 'cmTC_9a568/fast' failed
make: *** [cmTC_9a568/fast] Error 2

File /home/earth/iotpos/build/CMakeFiles/CMakeTmp/CheckSymbolExists.c:
/* */
#include <pthread.h>

int main(int argc, char** argv)
{
  (void)argv;
#ifndef pthread_create
  return ((int*)(&pthread_create))[argc];
#else
  (void)argc;
  return 0;
#endif
}

Determining if the function pthread_create exists in the pthreads failed with the following output:
Change Dir: /home/earth/iotpos/build/CMakeFiles/CMakeTmp

Run Build Command:"/usr/bin/make" "cmTC_fce94/fast"
/usr/bin/make -f CMakeFiles/cmTC_fce94.dir/build.make CMakeFiles/cmTC_fce94.dir/build
make[1]: Entering directory '/home/earth/iotpos/build/CMakeFiles/CMakeTmp'
Building C object CMakeFiles/cmTC_fce94.dir/CheckFunctionExists.c.o
/usr/bin/cc    -DCHECK_FUNCTION_EXISTS=pthread_create   -o CMakeFiles/cmTC_fce94.dir/CheckFunctionExists.c.o   -c /usr/share/cmake-3.5/Modules/CheckFunctionExists.c
Linking C executable cmTC_fce94
/usr/bin/cmake -E cmake_link_script CMakeFiles/cmTC_fce94.dir/link.txt --verbose=1
/usr/bin/cc   -DCHECK_FUNCTION_EXISTS=pthread_create    CMakeFiles/cmTC_fce94.dir/CheckFunctionExists.c.o  -o cmTC_fce94 -rdynamic -lpthreads 
/usr/bin/ld: cannot find -lpthreads
collect2: error: ld returned 1 exit status
CMakeFiles/cmTC_fce94.dir/build.make:97: recipe for target 'cmTC_fce94' failed
make[1]: *** [cmTC_fce94] Error 1
make[1]: Leaving directory '/home/earth/iotpos/build/CMakeFiles/CMakeTmp'
Makefile:126: recipe for target 'cmTC_fce94/fast' failed
make: *** [cmTC_fce94/fast] Error 2


